% % New table 281class with column(s) emotion person Y/N created
% New table cities with column(s) name state population area is_capital? created
% New table pets with column(s) name likes_cats? likes_dogs? created
% emotion person Y/N 
Printed 0 matching rows from 281class
% likes_cats? 
Printed 0 matching rows from pets
% Added 3 rows to 281class from position 0 to 2
% Added 5 rows to cities from position 0 to 4
% Error during PRINT: emotion does not name a column in cities
% Error during PRINT: hello does not name a column in pets
% Deleted 1 rows from 281class
% Error during GENERATE: hello does not name a column in 281class
% Error during GENERATE: hello does not name a column in cities
% Error during GENERATE: citie does not name a table in the database
% Error during DELETE: citie does not name a table in the database
% Deleted 5 rows from cities
% Deleted 0 rows from 281class
% Error during DELETE: emtion does not name a column in 281class
% Error during JOIN: pet does not name a table in the database
% Error during JOIN: 281clas does not name a table in the database
% Error during JOIN: Name does not name a column in pets
% Error during JOIN: Name does not name a column in pets
% Error during JOIN: Name does not name a column in pets
% Error during PRINT: pes does not name a table in the database
% Error during INSERT: dog does not name a table in the database
% Error during CREATE: Cannot create already existing table 281class
% Error during REMOVE: dog does not name a table in the database
% Table cities deleted
% Table pets deleted
% Thanks for being silly!